<?xml version="1.0" encoding="UTF-8"?>
<!-- Generated by org.testng.reporters.JUnitXMLReporter -->
<testsuite ignored="0" hostname="DESKTOP-74ULC4S" failures="1" tests="1" name="Cucumber with TestNG Test with Edge" time="40.134" errors="0" timestamp="2024-01-09T15:44:51 ICT">
  <testcase classname="io.cucumber.testng.AbstractTestNGCucumberTests" name="runScenario" time="34.439">
    <failure type="java.lang.AssertionError" message="expected [Required1] but found [Required]">
      <![CDATA[java.lang.AssertionError: expected [Required1] but found [Required]
at com.steps.LoginPageDefinitions.verifyMissingUsernameMessage(LoginPageDefinitions.java:65)
at âœ½.User should be able to see a message "Required1" below Username(file:///D:/POM_CucumberTestNG_Demo/src/test/resources/Features/LoginPage.feature:29)
... Removed 6 stack frames]]>
    </failure>
  </testcase> <!-- runScenario -->
</testsuite> <!-- Cucumber with TestNG Test with Edge -->
