<?xml version="1.0" encoding="UTF-8"?>
<testng-results ignored="0" total="1" passed="0" failed="1" skipped="0">
  <reporter-output>
  </reporter-output>
  <suite started-at="2024-01-09T15:45:50 ICT" name="Suite" finished-at="2024-01-09T15:46:19 ICT" duration-ms="29369">
    <groups>
      <group name="cucumber">
        <method signature="AbstractTestNGCucumberTests.runScenario(io.cucumber.testng.PickleWrapper, io.cucumber.testng.FeatureWrapper)[pri:0, instance:Runner.CucumberRunnerTests@4310d43]" name="runScenario" class="io.cucumber.testng.AbstractTestNGCucumberTests"/>
      </group> <!-- cucumber -->
    </groups>
    <test started-at="2024-01-09T15:45:50 ICT" name="Cucumber with TestNG Test with Chrome" finished-at="2024-01-09T15:46:19 ICT" duration-ms="29369">
      <class name="Runner.CucumberRunnerTests">
        <test-method is-config="true" signature="setUpClass()[pri:0, instance:Runner.CucumberRunnerTests@4310d43]" started-at="2024-01-09T15:45:50 ICT" name="setUpClass" finished-at="2024-01-09T15:45:51 ICT" duration-ms="729" status="PASS">
          <reporter-output>
          </reporter-output>
        </test-method> <!-- setUpClass -->
        <test-method is-config="true" signature="setUp(java.lang.String)[pri:0, instance:Runner.CucumberRunnerTests@4310d43]" started-at="2024-01-09T15:45:51 ICT" name="setUp" finished-at="2024-01-09T15:45:53 ICT" duration-ms="1774" status="PASS">
          <params>
            <param index="0">
              <value>
                <![CDATA[chrome]]>
              </value>
            </param>
          </params>
          <reporter-output>
          </reporter-output>
        </test-method> <!-- setUp -->
        <test-method signature="runScenario(io.cucumber.testng.PickleWrapper, io.cucumber.testng.FeatureWrapper)[pri:0, instance:Runner.CucumberRunnerTests@4310d43]" started-at="2024-01-09T15:45:53 ICT" name="runScenario" description="Runs Cucumber Scenarios" data-provider="scenarios" finished-at="2024-01-09T15:46:17 ICT" duration-ms="24357" status="FAIL">
          <params>
            <param index="0">
              <value>
                <![CDATA["Login with blank username"]]>
              </value>
            </param>
            <param index="1">
              <value>
                <![CDATA["Optional[Login to HRM Application]"]]>
              </value>
            </param>
          </params>
          <exception class="java.lang.AssertionError">
            <message>
              <![CDATA[expected [Required1] but found [Required]]]>
            </message>
            <full-stacktrace>
              <![CDATA[java.lang.AssertionError: expected [Required1] but found [Required]
at org.testng.Assert.fail(Assert.java:99)
at org.testng.Assert.failNotEquals(Assert.java:1037)
at org.testng.Assert.assertEqualsImpl(Assert.java:140)
at org.testng.Assert.assertEquals(Assert.java:122)
at org.testng.Assert.assertEquals(Assert.java:629)
at org.testng.Assert.assertEquals(Assert.java:639)
at com.steps.LoginPageDefinitions.verifyMissingUsernameMessage(LoginPageDefinitions.java:65)
at âœ½.User should be able to see a message "Required1" below Username(file:///D:/POM_CucumberTestNG_Demo/src/test/resources/Features/LoginPage.feature:29)
]]>
            </full-stacktrace>
          </exception> <!-- java.lang.AssertionError -->
          <reporter-output>
          </reporter-output>
        </test-method> <!-- runScenario -->
        <test-method is-config="true" signature="tearDownClass()[pri:0, instance:Runner.CucumberRunnerTests@4310d43]" started-at="2024-01-09T15:46:17 ICT" name="tearDownClass" finished-at="2024-01-09T15:46:19 ICT" duration-ms="2450" status="PASS">
          <reporter-output>
          </reporter-output>
        </test-method> <!-- tearDownClass -->
      </class> <!-- Runner.CucumberRunnerTests -->
    </test> <!-- Cucumber with TestNG Test with Chrome -->
  </suite> <!-- Suite -->
</testng-results>
