<?xml version="1.0" encoding="UTF-8"?>
<!-- Generated by org.testng.reporters.JUnitReportReporter -->
<testsuite hostname="DESKTOP-74ULC4S" failures="1" tests="1" name="Runner.CucumberRunnerTests" time="24.357" errors="0" timestamp="2024-01-09T15:46:19 ICT" skipped="0">
  <testcase classname="Runner.CucumberRunnerTests" name="runScenario" time="24.357">
    <failure message="expected [Required1] but found [Required]" type="java.lang.AssertionError">
      <![CDATA[java.lang.AssertionError: expected [Required1] but found [Required]
at org.testng.Assert.fail(Assert.java:99)
at org.testng.Assert.failNotEquals(Assert.java:1037)
at org.testng.Assert.assertEqualsImpl(Assert.java:140)
at org.testng.Assert.assertEquals(Assert.java:122)
at org.testng.Assert.assertEquals(Assert.java:629)
at org.testng.Assert.assertEquals(Assert.java:639)
at com.steps.LoginPageDefinitions.verifyMissingUsernameMessage(LoginPageDefinitions.java:65)
at âœ½.User should be able to see a message "Required1" below Username(file:///D:/POM_CucumberTestNG_Demo/src/test/resources/Features/LoginPage.feature:29)
]]>
    </failure>
  </testcase> <!-- runScenario -->
  <system-out/>
</testsuite> <!-- Runner.CucumberRunnerTests -->
